  Reading parameters...
 Generating geometry...
 Initializing velocities...
 Calculating initialization steps...
 Percent Complete: 100.00% 
 Calculating the dynamic...
 Percent Complete: 100.00% 
 Average Temperature (Reduced units)
   26.9146023     +-   2.02577138    
 Average Pressure
   2.30391929E-03 +-   2.58097913E-07
 Average Kinetic Energy
   471.455048     +-   35.4850235    
 Average Potential Energy
  -4.02590667E-05 +-   4.33867215E-04
 Average Total Energy
   471.454895     +-   35.4850082    
 Calculating SD of velocities...
 Velocity average:   1.40739987E-02  -2.28231749E-03  -1.26184709E-02
 Velocity Sdeviation:   1.11114097       1.13735902       1.11403954    
 All work done in:   25.7136688     s
